# JRE version: OpenJDK Runtime Environment (11.0.4+10) (build 11.0.4+10-b304.77)
# Java VM: OpenJDK 64-Bit Server VM (11.0.4+10-b304.77, mixed mode, sharing, tiered, compressed oops, g1 gc, windows-amd64)
Heap:
 garbage-first heap   total 260096K, used 139856K [0x0000000702800000, 0x0000000800000000)
  region size 1024K, 129 young (132096K), 11 survivors (11264K)
 Metaspace       used 38997K, capacity 40018K, committed 40144K, reserved 1083392K
  class space    used 5046K, capacity 5473K, committed 5504K, reserved 1048576K
GC Heap History (10 events):
Event: 2.852 GC heap before
{Heap before GC invocations=1 (full 0):
 garbage-first heap   total 260096K, used 29468K [0x0000000702800000, 0x0000000800000000)
  region size 1024K, 23 young (23552K), 3 survivors (3072K)
 Metaspace       used 6176K, capacity 7828K, committed 7936K, reserved 1056768K
  class space    used 708K, capacity 917K, committed 1024K, reserved 1048576K
}
Event: 2.856 GC heap after
{Heap after GC invocations=2 (full 0):
 garbage-first heap   total 260096K, used 10086K [0x0000000702800000, 0x0000000800000000)
  region size 1024K, 2 young (2048K), 2 survivors (2048K)
 Metaspace       used 6176K, capacity 7828K, committed 7936K, reserved 1056768K
  class space    used 708K, capacity 917K, committed 1024K, reserved 1048576K
}
Event: 9.162 GC heap before
{Heap before GC invocations=2 (full 0):
 garbage-first heap   total 260096K, used 57190K [0x0000000702800000, 0x0000000800000000)
  region size 1024K, 49 young (50176K), 2 survivors (2048K)
 Metaspace       used 13412K, capacity 13890K, committed 14080K, reserved 1060864K
  class space    used 1767K, capacity 1959K, committed 2048K, reserved 1048576K
}
Event: 9.166 GC heap after
{Heap after GC invocations=3 (full 0):
 garbage-first heap   total 260096K, used 11644K [0x0000000702800000, 0x0000000800000000)
  region size 1024K, 3 young (3072K), 3 survivors (3072K)
 Metaspace       used 13412K, capacity 13890K, committed 14080K, reserved 1060864K
  class space    used 1767K, capacity 1959K, committed 2048K, reserved 1048576K
}
Event: 14.681 GC heap before
{Heap before GC invocations=3 (full 0):
 garbage-first heap   total 260096K, used 74108K [0x0000000702800000, 0x0000000800000000)
  region size 1024K, 65 young (66560K), 3 survivors (3072K)
 Metaspace       used 20569K, capacity 21182K, committed 21296K, reserved 1067008K
  class space    used 2677K, capacity 2923K, committed 2944K, reserved 1048576K
}
Event: 14.689 GC heap after
{Heap after GC invocations=4 (full 0):
 garbage-first heap   total 260096K, used 13262K [0x0000000702800000, 0x0000000800000000)
  region size 1024K, 5 young (5120K), 5 survivors (5120K)
 Metaspace       used 20569K, capacity 21182K, committed 21296K, reserved 1067008K
  class space    used 2677K, capacity 2923K, committed 2944K, reserved 1048576K
}
Event: 17.905 GC heap before
{Heap before GC invocations=5 (full 0):
 garbage-first heap   total 260096K, used 108494K [0x0000000702800000, 0x0000000800000000)
  region size 1024K, 99 young (101376K), 5 survivors (5120K)
 Metaspace       used 24517K, capacity 25219K, committed 25340K, reserved 1071104K
  class space    used 3127K, capacity 3402K, committed 3456K, reserved 1048576K
}
Event: 17.916 GC heap after
{Heap after GC invocations=6 (full 0):
 garbage-first heap   total 260096K, used 15952K [0x0000000702800000, 0x0000000800000000)
  region size 1024K, 7 young (7168K), 7 survivors (7168K)
 Metaspace       used 24517K, capacity 25219K, committed 25340K, reserved 1071104K
  class space    used 3127K, capacity 3402K, committed 3456K, reserved 1048576K
}
Event: 23.234 GC heap before
{Heap before GC invocations=6 (full 0):
 garbage-first heap   total 260096K, used 116304K [0x0000000702800000, 0x0000000800000000)
  region size 1024K, 106 young (108544K), 7 survivors (7168K)
 Metaspace       used 35008K, capacity 35967K, committed 36048K, reserved 1081344K
  class space    used 4593K, capacity 4983K, committed 4992K, reserved 1048576K
}
Event: 23.278 GC heap after
{Heap after GC invocations=7 (full 0):
 garbage-first heap   total 260096K, used 20048K [0x0000000702800000, 0x0000000800000000)
  region size 1024K, 11 young (11264K), 11 survivors (11264K)
 Metaspace       used 35008K, capacity 35967K, committed 36048K, reserved 1081344K
  class space    used 4593K, capacity 4983K, committed 4992K, reserved 1048576K
}

