# JRE version: OpenJDK Runtime Environment (11.0.4+10) (build 11.0.4+10-b304.77)
# Java VM: OpenJDK 64-Bit Server VM (11.0.4+10-b304.77, mixed mode, sharing, tiered, compressed oops, g1 gc, windows-amd64)
Heap:
 garbage-first heap   total 260096K, used 72011K [0x0000000702800000, 0x0000000800000000)
  region size 1024K, 63 young (64512K), 3 survivors (3072K)
 Metaspace       used 20470K, capacity 21157K, committed 21296K, reserved 1067008K
  class space    used 2650K, capacity 2894K, committed 2944K, reserved 1048576K
GC Heap History (6 events):
Event: 1.840 GC heap before
{Heap before GC invocations=0 (full 0):
 garbage-first heap   total 260096K, used 24576K [0x0000000702800000, 0x0000000800000000)
  region size 1024K, 24 young (24576K), 0 survivors (0K)
 Metaspace       used 2645K, capacity 5446K, committed 5760K, reserved 1056768K
  class space    used 241K, capacity 515K, committed 640K, reserved 1048576K
}
Event: 1.865 GC heap after
{Heap after GC invocations=1 (full 0):
 garbage-first heap   total 260096K, used 8791K [0x0000000702800000, 0x0000000800000000)
  region size 1024K, 3 young (3072K), 3 survivors (3072K)
 Metaspace       used 2645K, capacity 5446K, committed 5760K, reserved 1056768K
  class space    used 241K, capacity 515K, committed 640K, reserved 1048576K
}
Event: 2.640 GC heap before
{Heap before GC invocations=1 (full 0):
 garbage-first heap   total 260096K, used 28247K [0x0000000702800000, 0x0000000800000000)
  region size 1024K, 22 young (22528K), 3 survivors (3072K)
 Metaspace       used 5990K, capacity 7641K, committed 7808K, reserved 1056768K
  class space    used 675K, capacity 874K, committed 896K, reserved 1048576K
}
Event: 2.648 GC heap after
{Heap after GC invocations=2 (full 0):
 garbage-first heap   total 260096K, used 9898K [0x0000000702800000, 0x0000000800000000)
  region size 1024K, 2 young (2048K), 2 survivors (2048K)
 Metaspace       used 5990K, capacity 7641K, committed 7808K, reserved 1056768K
  class space    used 675K, capacity 874K, committed 896K, reserved 1048576K
}
Event: 9.653 GC heap before
{Heap before GC invocations=2 (full 0):
 garbage-first heap   total 260096K, used 55978K [0x0000000702800000, 0x0000000800000000)
  region size 1024K, 48 young (49152K), 2 survivors (2048K)
 Metaspace       used 13160K, capacity 13631K, committed 13696K, reserved 1060864K
  class space    used 1706K, capacity 1893K, committed 1920K, reserved 1048576K
}
Event: 9.658 GC heap after
{Heap after GC invocations=3 (full 0):
 garbage-first heap   total 260096K, used 11595K [0x0000000702800000, 0x0000000800000000)
  region size 1024K, 3 young (3072K), 3 survivors (3072K)
 Metaspace       used 13160K, capacity 13631K, committed 13696K, reserved 1060864K
  class space    used 1706K, capacity 1893K, committed 1920K, reserved 1048576K
}

