# JRE version: OpenJDK Runtime Environment (11.0.4+10) (build 11.0.4+10-b304.77)
# Java VM: OpenJDK 64-Bit Server VM (11.0.4+10-b304.77, mixed mode, sharing, tiered, compressed oops, g1 gc, windows-amd64)
Heap:
 garbage-first heap   total 260096K, used 54985K [0x0000000702800000, 0x0000000800000000)
  region size 1024K, 46 young (47104K), 14 survivors (14336K)
 Metaspace       used 45455K, capacity 46572K, committed 46588K, reserved 1089536K
  class space    used 5744K, capacity 6205K, committed 6220K, reserved 1048576K
GC Heap History (10 events):
Event: 6.257 GC heap before
{Heap before GC invocations=2 (full 0):
 garbage-first heap   total 260096K, used 56952K [0x0000000702800000, 0x0000000800000000)
  region size 1024K, 48 young (49152K), 1 survivors (1024K)
 Metaspace       used 13436K, capacity 13873K, committed 14080K, reserved 1060864K
  class space    used 1750K, capacity 1931K, committed 2048K, reserved 1048576K
}
Event: 6.262 GC heap after
{Heap after GC invocations=3 (full 0):
 garbage-first heap   total 260096K, used 11594K [0x0000000702800000, 0x0000000800000000)
  region size 1024K, 3 young (3072K), 3 survivors (3072K)
 Metaspace       used 13436K, capacity 13873K, committed 14080K, reserved 1060864K
  class space    used 1750K, capacity 1931K, committed 2048K, reserved 1048576K
}
Event: 9.851 GC heap before
{Heap before GC invocations=3 (full 0):
 garbage-first heap   total 260096K, used 73034K [0x0000000702800000, 0x0000000800000000)
  region size 1024K, 65 young (66560K), 3 survivors (3072K)
 Metaspace       used 20570K, capacity 21192K, committed 21296K, reserved 1067008K
  class space    used 2665K, capacity 2926K, committed 2944K, reserved 1048576K
}
Event: 9.856 GC heap after
{Heap after GC invocations=4 (full 0):
 garbage-first heap   total 260096K, used 13218K [0x0000000702800000, 0x0000000800000000)
  region size 1024K, 5 young (5120K), 5 survivors (5120K)
 Metaspace       used 20570K, capacity 21192K, committed 21296K, reserved 1067008K
  class space    used 2665K, capacity 2926K, committed 2944K, reserved 1048576K
}
Event: 12.872 GC heap before
{Heap before GC invocations=5 (full 0):
 garbage-first heap   total 260096K, used 107426K [0x0000000702800000, 0x0000000800000000)
  region size 1024K, 98 young (100352K), 5 survivors (5120K)
 Metaspace       used 24628K, capacity 25383K, committed 25648K, reserved 1071104K
  class space    used 3136K, capacity 3436K, committed 3456K, reserved 1048576K
}
Event: 12.881 GC heap after
{Heap after GC invocations=6 (full 0):
 garbage-first heap   total 260096K, used 16113K [0x0000000702800000, 0x0000000800000000)
  region size 1024K, 8 young (8192K), 8 survivors (8192K)
 Metaspace       used 24628K, capacity 25383K, committed 25648K, reserved 1071104K
  class space    used 3136K, capacity 3436K, committed 3456K, reserved 1048576K
}
Event: 15.512 GC heap before
{Heap before GC invocations=6 (full 0):
 garbage-first heap   total 260096K, used 114417K [0x0000000702800000, 0x0000000800000000)
  region size 1024K, 105 young (107520K), 8 survivors (8192K)
 Metaspace       used 34945K, capacity 35914K, committed 35920K, reserved 1081344K
  class space    used 4578K, capacity 4986K, committed 4992K, reserved 1048576K
}
Event: 15.547 GC heap after
{Heap after GC invocations=7 (full 0):
 garbage-first heap   total 260096K, used 20060K [0x0000000702800000, 0x0000000800000000)
  region size 1024K, 11 young (11264K), 11 survivors (11264K)
 Metaspace       used 34945K, capacity 35914K, committed 35920K, reserved 1081344K
  class space    used 4578K, capacity 4986K, committed 4992K, reserved 1048576K
}
Event: 19.953 GC heap before
{Heap before GC invocations=8 (full 0):
 garbage-first heap   total 260096K, used 164444K [0x0000000702800000, 0x0000000800000000)
  region size 1024K, 152 young (155648K), 11 survivors (11264K)
 Metaspace       used 40253K, capacity 41351K, committed 41468K, reserved 1085440K
  class space    used 5206K, capacity 5642K, committed 5708K, reserved 1048576K
}
Event: 19.972 GC heap after
{Heap after GC invocations=9 (full 0):
 garbage-first heap   total 260096K, used 23241K [0x0000000702800000, 0x0000000800000000)
  region size 1024K, 14 young (14336K), 14 survivors (14336K)
 Metaspace       used 40253K, capacity 41351K, committed 41468K, reserved 1085440K
  class space    used 5206K, capacity 5642K, committed 5708K, reserved 1048576K
}

